2021-05-18 17:09:22.767  INFO 10772 --- [main] i.o.m.ecommerce.MapEcommerceApplication  : Starting MapEcommerceApplication using Java 15.0.1 on DESKTOP-NFKUVV5 with PID 10772 (C:\EtLabora\Object\map-ecommerce\map-ecommerce\target\classes started by straz in C:\EtLabora\Object\map-ecommerce\map-ecommerce)
2021-05-18 17:09:22.837  INFO 10772 --- [main] i.o.m.ecommerce.MapEcommerceApplication  : No active profile set, falling back to default profiles: default
2021-05-18 17:09:24.996  INFO 10772 --- [main] .s.d.r.c.RepositoryConfigurationDelegate : Bootstrapping Spring Data JPA repositories in DEFAULT mode.
2021-05-18 17:09:25.244  INFO 10772 --- [main] .s.d.r.c.RepositoryConfigurationDelegate : Finished Spring Data repository scanning in 207 ms. Found 4 JPA repository interfaces.
2021-05-18 17:09:26.906  INFO 10772 --- [main] o.s.b.w.embedded.tomcat.TomcatWebServer  : Tomcat initialized with port(s): 8080 (http)
2021-05-18 17:09:26.936  INFO 10772 --- [main] o.apache.catalina.core.StandardService   : Starting service [Tomcat]
2021-05-18 17:09:26.937  INFO 10772 --- [main] org.apache.catalina.core.StandardEngine  : Starting Servlet engine: [Apache Tomcat/9.0.45]
2021-05-18 17:09:27.214  INFO 10772 --- [main] o.a.c.c.C.[Tomcat].[localhost].[/]       : Initializing Spring embedded WebApplicationContext
2021-05-18 17:09:27.215  INFO 10772 --- [main] w.s.c.ServletWebServerApplicationContext : Root WebApplicationContext: initialization completed in 4139 ms
2021-05-18 17:09:27.761  INFO 10772 --- [main] com.zaxxer.hikari.HikariDataSource       : HikariPool-1 - Starting...
2021-05-18 17:09:28.784  INFO 10772 --- [main] com.zaxxer.hikari.HikariDataSource       : HikariPool-1 - Start completed.
2021-05-18 17:09:28.981  INFO 10772 --- [main] o.hibernate.jpa.internal.util.LogHelper  : HHH000204: Processing PersistenceUnitInfo [name: default]
2021-05-18 17:09:29.160  INFO 10772 --- [main] org.hibernate.Version                    : HHH000412: Hibernate ORM core version 5.4.30.Final
2021-05-18 17:09:29.589  INFO 10772 --- [main] o.hibernate.annotations.common.Version   : HCANN000001: Hibernate Commons Annotations {5.1.2.Final}
2021-05-18 17:09:30.020  INFO 10772 --- [main] org.hibernate.dialect.Dialect            : HHH000400: Using dialect: org.hibernate.dialect.MySQL8Dialect
2021-05-18 17:09:31.641  INFO 10772 --- [main] o.h.e.t.j.p.i.JtaPlatformInitiator       : HHH000490: Using JtaPlatform implementation: [org.hibernate.engine.transaction.jta.platform.internal.NoJtaPlatform]
2021-05-18 17:09:31.660  INFO 10772 --- [main] j.LocalContainerEntityManagerFactoryBean : Initialized JPA EntityManagerFactory for persistence unit 'default'
2021-05-18 17:09:32.882  WARN 10772 --- [main] JpaBaseConfiguration$JpaWebConfiguration : spring.jpa.open-in-view is enabled by default. Therefore, database queries may be performed during view rendering. Explicitly configure spring.jpa.open-in-view to disable this warning
2021-05-18 17:09:33.162  INFO 10772 --- [main] o.s.s.concurrent.ThreadPoolTaskExecutor  : Initializing ExecutorService 'applicationTaskExecutor'
2021-05-18 17:09:33.850  INFO 10772 --- [main] o.s.b.w.embedded.tomcat.TomcatWebServer  : Tomcat started on port(s): 8080 (http) with context path ''
2021-05-18 17:09:33.871  INFO 10772 --- [main] i.o.m.ecommerce.MapEcommerceApplication  : Started MapEcommerceApplication in 12.364 seconds (JVM running for 13.97)
2021-05-18 17:09:47.259  INFO 10772 --- [http-nio-8080-exec-2] o.a.c.c.C.[Tomcat].[localhost].[/]       : Initializing Spring DispatcherServlet 'dispatcherServlet'
2021-05-18 17:09:47.260  INFO 10772 --- [http-nio-8080-exec-2] o.s.web.servlet.DispatcherServlet        : Initializing Servlet 'dispatcherServlet'
2021-05-18 17:09:47.263  INFO 10772 --- [http-nio-8080-exec-2] o.s.web.servlet.DispatcherServlet        : Completed initialization in 2 ms
2021-05-18 17:09:47.513  INFO 10772 --- [http-nio-8080-exec-2] i.o.m.e.controller.LoginController       : LoginController - login
